2021-07-21 17:22:34 INFO  com.sttnf.ais.App - Starting App on MacBook-Air-3.local with PID 52551 (started by techinasia888 in /Users/techinasia888/Desktop/Tugas Akhir/SPRING/sttnf.ais_oauth2)
2021-07-21 17:22:34 INFO  com.sttnf.ais.App - No active profile set, falling back to default profiles: default
2021-07-21 17:22:34 INFO  o.s.b.w.s.c.AnnotationConfigServletWebServerApplicationContext - Refreshing org.springframework.boot.web.servlet.context.AnnotationConfigServletWebServerApplicationContext@744c12f: startup date [Wed Jul 21 17:22:34 WIB 2021]; root of context hierarchy
2021-07-21 17:22:50 INFO  o.s.c.s.PostProcessorRegistrationDelegate$BeanPostProcessorChecker - Bean 'org.springframework.ws.config.annotation.DelegatingWsConfiguration' of type [org.springframework.ws.config.annotation.DelegatingWsConfiguration$$EnhancerBySpringCGLIB$$9108324e] is not eligible for getting processed by all BeanPostProcessors (for example: not eligible for auto-proxying)
2021-07-21 17:22:51 INFO  o.s.w.s.a.s.AnnotationActionEndpointMapping - Supporting [WS-Addressing August 2004, WS-Addressing 1.0]
2021-07-21 17:22:52 INFO  o.s.c.s.PostProcessorRegistrationDelegate$BeanPostProcessorChecker - Bean 'org.springframework.transaction.annotation.ProxyTransactionManagementConfiguration' of type [org.springframework.transaction.annotation.ProxyTransactionManagementConfiguration$$EnhancerBySpringCGLIB$$ec706d4f] is not eligible for getting processed by all BeanPostProcessors (for example: not eligible for auto-proxying)
2021-07-21 17:22:53 INFO  o.s.c.s.PostProcessorRegistrationDelegate$BeanPostProcessorChecker - Bean 'org.springframework.security.config.annotation.configuration.ObjectPostProcessorConfiguration' of type [org.springframework.security.config.annotation.configuration.ObjectPostProcessorConfiguration$$EnhancerBySpringCGLIB$$851e3589] is not eligible for getting processed by all BeanPostProcessors (for example: not eligible for auto-proxying)
2021-07-21 17:22:53 INFO  o.s.c.s.PostProcessorRegistrationDelegate$BeanPostProcessorChecker - Bean 'objectPostProcessor' of type [org.springframework.security.config.annotation.configuration.AutowireBeanFactoryObjectPostProcessor] is not eligible for getting processed by all BeanPostProcessors (for example: not eligible for auto-proxying)
2021-07-21 17:22:53 INFO  o.s.c.s.PostProcessorRegistrationDelegate$BeanPostProcessorChecker - Bean 'org.springframework.security.access.expression.method.DefaultMethodSecurityExpressionHandler@215e1b89' of type [org.springframework.security.access.expression.method.DefaultMethodSecurityExpressionHandler] is not eligible for getting processed by all BeanPostProcessors (for example: not eligible for auto-proxying)
2021-07-21 17:22:53 INFO  o.s.c.s.PostProcessorRegistrationDelegate$BeanPostProcessorChecker - Bean 'org.springframework.security.config.annotation.method.configuration.GlobalMethodSecurityConfiguration' of type [org.springframework.security.config.annotation.method.configuration.GlobalMethodSecurityConfiguration$$EnhancerBySpringCGLIB$$a9f2d83b] is not eligible for getting processed by all BeanPostProcessors (for example: not eligible for auto-proxying)
2021-07-21 17:22:53 INFO  o.s.c.s.PostProcessorRegistrationDelegate$BeanPostProcessorChecker - Bean 'methodSecurityMetadataSource' of type [org.springframework.security.access.method.DelegatingMethodSecurityMetadataSource] is not eligible for getting processed by all BeanPostProcessors (for example: not eligible for auto-proxying)
2021-07-21 17:22:58 INFO  o.s.b.w.e.tomcat.TomcatWebServer - Tomcat initialized with port(s): 8080 (http)
2021-07-21 17:22:58 INFO  o.a.coyote.http11.Http11NioProtocol - Initializing ProtocolHandler ["http-nio-8080"]
2021-07-21 17:22:58 INFO  o.a.catalina.core.StandardService - Starting service [Tomcat]
2021-07-21 17:22:58 INFO  o.a.catalina.core.StandardEngine - Starting Servlet Engine: Apache Tomcat/8.5.28
2021-07-21 17:22:58 INFO  o.a.c.core.AprLifecycleListener - The APR based Apache Tomcat Native library which allows optimal performance in production environments was not found on the java.library.path: [/Users/techinasia888/Library/Java/Extensions:/Library/Java/Extensions:/Network/Library/Java/Extensions:/System/Library/Java/Extensions:/usr/lib/java:.]
2021-07-21 17:22:59 INFO  o.a.c.c.C.[Tomcat].[localhost].[/] - Initializing Spring embedded WebApplicationContext
2021-07-21 17:22:59 INFO  o.s.web.context.ContextLoader - Root WebApplicationContext: initialization completed in 24404 ms
2021-07-21 17:23:00 INFO  o.s.b.w.s.FilterRegistrationBean - Mapping filter: 'characterEncodingFilter' to: [/*]
2021-07-21 17:23:00 INFO  o.s.b.w.s.FilterRegistrationBean - Mapping filter: 'hiddenHttpMethodFilter' to: [/*]
2021-07-21 17:23:00 INFO  o.s.b.w.s.FilterRegistrationBean - Mapping filter: 'httpPutFormContentFilter' to: [/*]
2021-07-21 17:23:00 INFO  o.s.b.w.s.FilterRegistrationBean - Mapping filter: 'requestContextFilter' to: [/*]
2021-07-21 17:23:00 INFO  o.s.b.w.s.DelegatingFilterProxyRegistrationBean - Mapping filter: 'springSecurityFilterChain' to: [/*]
2021-07-21 17:23:00 INFO  o.s.b.w.s.ServletRegistrationBean - Servlet dispatcherServlet mapped to [/]
2021-07-21 17:23:00 INFO  o.s.b.w.s.ServletRegistrationBean - Servlet messageDispatcherServlet mapped to [/services/*]
2021-07-21 17:23:00 INFO  com.zaxxer.hikari.HikariDataSource - HikariPool-1 - Starting...
2021-07-21 17:23:01 INFO  com.zaxxer.hikari.HikariDataSource - HikariPool-1 - Start completed.
2021-07-21 17:23:01 INFO  o.s.o.j.LocalContainerEntityManagerFactoryBean - Building JPA container EntityManagerFactory for persistence unit 'default'
2021-07-21 17:23:01 INFO  o.h.jpa.internal.util.LogHelper - HHH000204: Processing PersistenceUnitInfo [
	name: default
	...]
2021-07-21 17:23:02 INFO  org.hibernate.Version - HHH000412: Hibernate Core {5.2.14.Final}
2021-07-21 17:23:02 INFO  org.hibernate.cfg.Environment - HHH000206: hibernate.properties not found
2021-07-21 17:23:02 INFO  o.h.annotations.common.Version - HCANN000001: Hibernate Commons Annotations {5.0.1.Final}
2021-07-21 17:23:02 INFO  org.hibernate.dialect.Dialect - HHH000400: Using dialect: org.hibernate.dialect.PostgreSQL95Dialect
2021-07-21 17:23:03 INFO  o.h.e.j.e.i.LobCreatorBuilderImpl - HHH000424: Disabling contextual LOB creation as createClob() method threw error : java.lang.reflect.InvocationTargetException
java.lang.reflect.InvocationTargetException: null
	at sun.reflect.NativeMethodAccessorImpl.invoke0(Native Method)
	at sun.reflect.NativeMethodAccessorImpl.invoke(NativeMethodAccessorImpl.java:62)
	at sun.reflect.DelegatingMethodAccessorImpl.invoke(DelegatingMethodAccessorImpl.java:43)
	at java.lang.reflect.Method.invoke(Method.java:498)
	at org.hibernate.engine.jdbc.env.internal.LobCreatorBuilderImpl.useContextualLobCreation(LobCreatorBuilderImpl.java:113)
	at org.hibernate.engine.jdbc.env.internal.LobCreatorBuilderImpl.makeLobCreatorBuilder(LobCreatorBuilderImpl.java:54)
	at org.hibernate.engine.jdbc.env.internal.JdbcEnvironmentImpl.<init>(JdbcEnvironmentImpl.java:271)
	at org.hibernate.engine.jdbc.env.internal.JdbcEnvironmentInitiator.initiateService(JdbcEnvironmentInitiator.java:114)
	at org.hibernate.engine.jdbc.env.internal.JdbcEnvironmentInitiator.initiateService(JdbcEnvironmentInitiator.java:35)
	at org.hibernate.boot.registry.internal.StandardServiceRegistryImpl.initiateService(StandardServiceRegistryImpl.java:88)
	at org.hibernate.service.internal.AbstractServiceRegistryImpl.createService(AbstractServiceRegistryImpl.java:259)
	at org.hibernate.service.internal.AbstractServiceRegistryImpl.initializeService(AbstractServiceRegistryImpl.java:233)
	at org.hibernate.service.internal.AbstractServiceRegistryImpl.getService(AbstractServiceRegistryImpl.java:210)
	at org.hibernate.engine.jdbc.internal.JdbcServicesImpl.configure(JdbcServicesImpl.java:51)
	at org.hibernate.boot.registry.internal.StandardServiceRegistryImpl.configureService(StandardServiceRegistryImpl.java:94)
	at org.hibernate.service.internal.AbstractServiceRegistryImpl.initializeService(AbstractServiceRegistryImpl.java:242)
	at org.hibernate.service.internal.AbstractServiceRegistryImpl.getService(AbstractServiceRegistryImpl.java:210)
	at org.hibernate.boot.model.process.spi.MetadataBuildingProcess.handleTypes(MetadataBuildingProcess.java:352)
	at org.hibernate.boot.model.process.spi.MetadataBuildingProcess.complete(MetadataBuildingProcess.java:111)
	at org.hibernate.jpa.boot.internal.EntityManagerFactoryBuilderImpl.metadata(EntityManagerFactoryBuilderImpl.java:861)
	at org.hibernate.jpa.boot.internal.EntityManagerFactoryBuilderImpl.build(EntityManagerFactoryBuilderImpl.java:888)
	at org.springframework.orm.jpa.vendor.SpringHibernateJpaPersistenceProvider.createContainerEntityManagerFactory(SpringHibernateJpaPersistenceProvider.java:57)
	at org.springframework.orm.jpa.LocalContainerEntityManagerFactoryBean.createNativeEntityManagerFactory(LocalContainerEntityManagerFactoryBean.java:365)
	at org.springframework.orm.jpa.AbstractEntityManagerFactoryBean.buildNativeEntityManagerFactory(AbstractEntityManagerFactoryBean.java:388)
	at org.springframework.orm.jpa.AbstractEntityManagerFactoryBean.afterPropertiesSet(AbstractEntityManagerFactoryBean.java:377)
	at org.springframework.orm.jpa.LocalContainerEntityManagerFactoryBean.afterPropertiesSet(LocalContainerEntityManagerFactoryBean.java:341)
	at org.springframework.beans.factory.support.AbstractAutowireCapableBeanFactory.invokeInitMethods(AbstractAutowireCapableBeanFactory.java:1769)
	at org.springframework.beans.factory.support.AbstractAutowireCapableBeanFactory.initializeBean(AbstractAutowireCapableBeanFactory.java:1706)
	at org.springframework.beans.factory.support.AbstractAutowireCapableBeanFactory.doCreateBean(AbstractAutowireCapableBeanFactory.java:583)
	at org.springframework.beans.factory.support.AbstractAutowireCapableBeanFactory.createBean(AbstractAutowireCapableBeanFactory.java:502)
	at org.springframework.beans.factory.support.AbstractBeanFactory.lambda$doGetBean$0(AbstractBeanFactory.java:312)
	at org.springframework.beans.factory.support.DefaultSingletonBeanRegistry.getSingleton(DefaultSingletonBeanRegistry.java:228)
	at org.springframework.beans.factory.support.AbstractBeanFactory.doGetBean(AbstractBeanFactory.java:310)
	at org.springframework.beans.factory.support.AbstractBeanFactory.getBean(AbstractBeanFactory.java:200)
	at org.springframework.context.support.AbstractApplicationContext.getBean(AbstractApplicationContext.java:1085)
	at org.springframework.context.support.AbstractApplicationContext.finishBeanFactoryInitialization(AbstractApplicationContext.java:858)
	at org.springframework.context.support.AbstractApplicationContext.refresh(AbstractApplicationContext.java:549)
	at org.springframework.boot.web.servlet.context.ServletWebServerApplicationContext.refresh(ServletWebServerApplicationContext.java:140)
	at org.springframework.boot.SpringApplication.refresh(SpringApplication.java:752)
	at org.springframework.boot.SpringApplication.refreshContext(SpringApplication.java:388)
	at org.springframework.boot.SpringApplication.run(SpringApplication.java:327)
	at org.springframework.boot.SpringApplication.run(SpringApplication.java:1246)
	at org.springframework.boot.SpringApplication.run(SpringApplication.java:1234)
	at com.sttnf.ais.App.main(App.java:19)
	at sun.reflect.NativeMethodAccessorImpl.invoke0(Native Method)
	at sun.reflect.NativeMethodAccessorImpl.invoke(NativeMethodAccessorImpl.java:62)
	at sun.reflect.DelegatingMethodAccessorImpl.invoke(DelegatingMethodAccessorImpl.java:43)
	at java.lang.reflect.Method.invoke(Method.java:498)
	at org.springframework.boot.devtools.restart.RestartLauncher.run(RestartLauncher.java:49)
Caused by: java.sql.SQLFeatureNotSupportedException: Method org.postgresql.jdbc.PgConnection.createClob() is not yet implemented.
	at org.postgresql.Driver.notImplemented(Driver.java:683)
	at org.postgresql.jdbc.PgConnection.createClob(PgConnection.java:1252)
	... 49 common frames omitted
2021-07-21 17:23:03 INFO  org.hibernate.type.BasicTypeRegistry - HHH000270: Type registration [java.util.UUID] overrides previous : org.hibernate.type.UUIDBinaryType@1d4a08fa
2021-07-21 17:23:05 INFO  o.s.o.j.LocalContainerEntityManagerFactoryBean - Initialized JPA EntityManagerFactory for persistence unit 'default'
2021-07-21 17:23:08 INFO  o.h.h.i.QueryTranslatorFactoryInitiator - HHH000397: Using ASTQueryTranslatorFactory
2021-07-21 17:23:11 WARN  o.s.s.o.p.t.s.JwtAccessTokenConverter - Unable to create an RSA verifier from verifierKey (ignoreable if using MAC)
2021-07-21 17:23:11 INFO  o.s.s.o.p.e.FrameworkEndpointHandlerMapping - Mapped "{[/oauth/authorize]}" onto public org.springframework.web.servlet.ModelAndView org.springframework.security.oauth2.provider.endpoint.AuthorizationEndpoint.authorize(java.util.Map<java.lang.String, java.lang.Object>,java.util.Map<java.lang.String, java.lang.String>,org.springframework.web.bind.support.SessionStatus,java.security.Principal)
2021-07-21 17:23:11 INFO  o.s.s.o.p.e.FrameworkEndpointHandlerMapping - Mapped "{[/oauth/authorize],methods=[POST],params=[user_oauth_approval]}" onto public org.springframework.web.servlet.View org.springframework.security.oauth2.provider.endpoint.AuthorizationEndpoint.approveOrDeny(java.util.Map<java.lang.String, java.lang.String>,java.util.Map<java.lang.String, ?>,org.springframework.web.bind.support.SessionStatus,java.security.Principal)
2021-07-21 17:23:11 INFO  o.s.s.o.p.e.FrameworkEndpointHandlerMapping - Mapped "{[/oauth/token],methods=[GET]}" onto public org.springframework.http.ResponseEntity<org.springframework.security.oauth2.common.OAuth2AccessToken> org.springframework.security.oauth2.provider.endpoint.TokenEndpoint.getAccessToken(java.security.Principal,java.util.Map<java.lang.String, java.lang.String>) throws org.springframework.web.HttpRequestMethodNotSupportedException
2021-07-21 17:23:11 INFO  o.s.s.o.p.e.FrameworkEndpointHandlerMapping - Mapped "{[/oauth/token],methods=[POST]}" onto public org.springframework.http.ResponseEntity<org.springframework.security.oauth2.common.OAuth2AccessToken> org.springframework.security.oauth2.provider.endpoint.TokenEndpoint.postAccessToken(java.security.Principal,java.util.Map<java.lang.String, java.lang.String>) throws org.springframework.web.HttpRequestMethodNotSupportedException
2021-07-21 17:23:11 INFO  o.s.s.o.p.e.FrameworkEndpointHandlerMapping - Mapped "{[/oauth/check_token]}" onto public java.util.Map<java.lang.String, ?> org.springframework.security.oauth2.provider.endpoint.CheckTokenEndpoint.checkToken(java.lang.String)
2021-07-21 17:23:11 INFO  o.s.s.o.p.e.FrameworkEndpointHandlerMapping - Mapped "{[/oauth/confirm_access]}" onto public org.springframework.web.servlet.ModelAndView org.springframework.security.oauth2.provider.endpoint.WhitelabelApprovalEndpoint.getAccessConfirmation(java.util.Map<java.lang.String, java.lang.Object>,javax.servlet.http.HttpServletRequest) throws java.lang.Exception
2021-07-21 17:23:11 INFO  o.s.s.o.p.e.FrameworkEndpointHandlerMapping - Mapped "{[/oauth/error]}" onto public org.springframework.web.servlet.ModelAndView org.springframework.security.oauth2.provider.endpoint.WhitelabelErrorEndpoint.handleError(javax.servlet.http.HttpServletRequest)
2021-07-21 17:23:11 INFO  o.s.s.o.p.e.FrameworkEndpointHandlerMapping - Mapped "{[/oauth/token_key],methods=[GET]}" onto public java.util.Map<java.lang.String, java.lang.String> org.springframework.security.oauth2.provider.endpoint.TokenKeyEndpoint.getKey(java.security.Principal)
2021-07-21 17:23:11 WARN  o.s.b.a.o.j.JpaBaseConfiguration$JpaWebConfiguration$JpaWebMvcConfiguration - spring.jpa.open-in-view is enabled by default. Therefore, database queries may be performed during view rendering. Explicitly configure spring.jpa.open-in-view to disable this warning
2021-07-21 17:23:12 INFO  o.s.w.s.m.m.a.RequestMappingHandlerMapping - Mapped "{[/Khs/put],methods=[PUT]}" onto public com.sttnf.ais.model.Khs com.sttnf.ais.controller.ControllerKhs.update(com.sttnf.ais.model.Khs) throws java.lang.Exception
2021-07-21 17:23:12 INFO  o.s.w.s.m.m.a.RequestMappingHandlerMapping - Mapped "{[/Khs/ips],methods=[GET]}" onto public java.lang.String com.sttnf.ais.controller.ControllerKhs.ips(java.lang.String,int) throws java.lang.Exception
2021-07-21 17:23:12 INFO  o.s.w.s.m.m.a.RequestMappingHandlerMapping - Mapped "{[/Khs/post],methods=[POST]}" onto public com.sttnf.ais.model.Khs com.sttnf.ais.controller.ControllerKhs.postKhs(com.sttnf.ais.model.Khs) throws java.lang.Exception
2021-07-21 17:23:12 INFO  o.s.w.s.m.m.a.RequestMappingHandlerMapping - Mapped "{[/Khs/delete],methods=[DELETE]}" onto public java.lang.String com.sttnf.ais.controller.ControllerKhs.Khs(java.lang.String,java.lang.String) throws java.lang.Exception
2021-07-21 17:23:12 INFO  o.s.w.s.m.m.a.RequestMappingHandlerMapping - Mapped "{[/Khs/get],methods=[GET]}" onto public java.lang.String com.sttnf.ais.controller.ControllerKhs.viewKhs(java.lang.String)
2021-07-21 17:23:12 INFO  o.s.w.s.m.m.a.RequestMappingHandlerMapping - Mapped "{[/Khs/getall],methods=[GET]}" onto public java.util.List<com.sttnf.ais.model.Khs> com.sttnf.ais.controller.ControllerKhs.getlist() throws java.lang.Exception
2021-07-21 17:23:12 INFO  o.s.w.s.m.m.a.RequestMappingHandlerMapping - Mapped "{[/Khs/find],methods=[GET]}" onto public java.util.List<com.sttnf.ais.model.Khs> com.sttnf.ais.controller.ControllerKhs.findDetailKhs(java.lang.String,int) throws java.lang.Exception
2021-07-21 17:23:12 INFO  o.s.w.s.m.m.a.RequestMappingHandlerMapping - Mapped "{[/Khs/khsdetail],methods=[GET]}" onto public java.util.List com.sttnf.ais.controller.ControllerKhs.khs_detail(java.lang.String,int) throws java.lang.Exception
2021-07-21 17:23:12 INFO  o.s.w.s.m.m.a.RequestMappingHandlerMapping - Mapped "{[/Khs/totalsks],methods=[GET]}" onto public java.lang.String com.sttnf.ais.controller.ControllerKhs.total_Sks(java.lang.String,int) throws java.lang.Exception
2021-07-21 17:23:12 INFO  o.s.w.s.m.m.a.RequestMappingHandlerMapping - Mapped "{[/Khs/totalsksall],methods=[GET]}" onto public java.lang.String com.sttnf.ais.controller.ControllerKhs.total_Sksall(java.lang.String) throws java.lang.Exception
2021-07-21 17:23:12 INFO  o.s.w.s.m.m.a.RequestMappingHandlerMapping - Mapped "{[/Khs/bobotxsks],methods=[GET]}" onto public java.lang.String com.sttnf.ais.controller.ControllerKhs.bobotXsks(java.lang.String,int) throws java.lang.Exception
2021-07-21 17:23:12 INFO  o.s.w.s.m.m.a.RequestMappingHandlerMapping - Mapped "{[/Mahasiswa/put],methods=[PUT]}" onto public com.sttnf.ais.model.Mahasiswa com.sttnf.ais.controller.ControllerMahasiswa.update(com.sttnf.ais.model.Mahasiswa) throws java.lang.Exception
2021-07-21 17:23:12 INFO  o.s.w.s.m.m.a.RequestMappingHandlerMapping - Mapped "{[/Mahasiswa/getall],methods=[GET]}" onto public java.util.List<com.sttnf.ais.model.Mahasiswa> com.sttnf.ais.controller.ControllerMahasiswa.getlist() throws java.lang.Exception
2021-07-21 17:23:12 INFO  o.s.w.s.m.m.a.RequestMappingHandlerMapping - Mapped "{[/Mahasiswa/get],methods=[GET]}" onto public java.util.List com.sttnf.ais.controller.ControllerMahasiswa.viewMahasiswa(java.lang.String) throws java.lang.Exception
2021-07-21 17:23:12 INFO  o.s.w.s.m.m.a.RequestMappingHandlerMapping - Mapped "{[/Mahasiswa/post],methods=[POST]}" onto public com.sttnf.ais.model.Mahasiswa com.sttnf.ais.controller.ControllerMahasiswa.postMahasiswa(com.sttnf.ais.model.Mahasiswa) throws java.lang.Exception
2021-07-21 17:23:12 INFO  o.s.w.s.m.m.a.RequestMappingHandlerMapping - Mapped "{[/Mahasiswa/delete],methods=[DELETE]}" onto public java.lang.String com.sttnf.ais.controller.ControllerMahasiswa.Mahasiswa(java.lang.String,com.sttnf.ais.model.Mahasiswa) throws java.lang.Exception
2021-07-21 17:23:12 INFO  o.s.w.s.m.m.a.RequestMappingHandlerMapping - Mapped "{[/Matakuliah/put],methods=[PUT]}" onto public com.sttnf.ais.model.Matakuliah com.sttnf.ais.controller.ControllerMatakuliah.update(com.sttnf.ais.model.Matakuliah) throws java.lang.Exception
2021-07-21 17:23:12 INFO  o.s.w.s.m.m.a.RequestMappingHandlerMapping - Mapped "{[/Matakuliah/getall],methods=[GET]}" onto public java.util.List<com.sttnf.ais.model.Matakuliah> com.sttnf.ais.controller.ControllerMatakuliah.getlist() throws java.lang.Exception
2021-07-21 17:23:12 INFO  o.s.w.s.m.m.a.RequestMappingHandlerMapping - Mapped "{[/Matakuliah/get],methods=[GET]}" onto public java.util.List<com.sttnf.ais.model.Matakuliah> com.sttnf.ais.controller.ControllerMatakuliah.viewMatakuliah(java.lang.String) throws java.lang.Exception
2021-07-21 17:23:12 INFO  o.s.w.s.m.m.a.RequestMappingHandlerMapping - Mapped "{[/Matakuliah/post],methods=[POST]}" onto public com.sttnf.ais.model.Matakuliah com.sttnf.ais.controller.ControllerMatakuliah.postMatakuliah(com.sttnf.ais.model.Matakuliah) throws java.lang.Exception
2021-07-21 17:23:12 INFO  o.s.w.s.m.m.a.RequestMappingHandlerMapping - Mapped "{[/Matakuliah/delete],methods=[DELETE]}" onto public java.lang.String com.sttnf.ais.controller.ControllerMatakuliah.Matakuliah(java.lang.String,com.sttnf.ais.model.Matakuliah) throws java.lang.Exception
2021-07-21 17:23:12 INFO  o.s.w.s.m.m.a.RequestMappingHandlerMapping - Mapped "{[/users/{id}],methods=[DELETE]}" onto public void com.sttnf.ais.controller.UserController.delete(java.lang.Long)
2021-07-21 17:23:12 INFO  o.s.w.s.m.m.a.RequestMappingHandlerMapping - Mapped "{[/users],methods=[POST]}" onto public com.sttnf.ais.dto.ApiResponse com.sttnf.ais.controller.UserController.create(com.sttnf.ais.dto.UserDto)
2021-07-21 17:23:12 INFO  o.s.w.s.m.m.a.RequestMappingHandlerMapping - Mapped "{[/users],methods=[GET]}" onto public com.sttnf.ais.dto.ApiResponse com.sttnf.ais.controller.UserController.listUser()
2021-07-21 17:23:12 INFO  o.s.w.s.m.m.a.RequestMappingHandlerMapping - Mapped "{[/users/{id}],methods=[GET]}" onto public com.sttnf.ais.dto.ApiResponse com.sttnf.ais.controller.UserController.getUser(long)
2021-07-21 17:23:12 INFO  o.s.w.s.m.m.a.RequestMappingHandlerMapping - Mapped "{[/swagger-resources/configuration/security]}" onto public org.springframework.http.ResponseEntity<springfox.documentation.swagger.web.SecurityConfiguration> springfox.documentation.swagger.web.ApiResourceController.securityConfiguration()
2021-07-21 17:23:12 INFO  o.s.w.s.m.m.a.RequestMappingHandlerMapping - Mapped "{[/swagger-resources/configuration/ui]}" onto public org.springframework.http.ResponseEntity<springfox.documentation.swagger.web.UiConfiguration> springfox.documentation.swagger.web.ApiResourceController.uiConfiguration()
2021-07-21 17:23:12 INFO  o.s.w.s.m.m.a.RequestMappingHandlerMapping - Mapped "{[/swagger-resources]}" onto public org.springframework.http.ResponseEntity<java.util.List<springfox.documentation.swagger.web.SwaggerResource>> springfox.documentation.swagger.web.ApiResourceController.swaggerResources()
2021-07-21 17:23:12 INFO  o.s.w.s.m.m.a.RequestMappingHandlerMapping - Mapped "{[/error]}" onto public org.springframework.http.ResponseEntity<java.util.Map<java.lang.String, java.lang.Object>> org.springframework.boot.autoconfigure.web.servlet.error.BasicErrorController.error(javax.servlet.http.HttpServletRequest)
2021-07-21 17:23:12 INFO  o.s.w.s.m.m.a.RequestMappingHandlerMapping - Mapped "{[/error],produces=[text/html]}" onto public org.springframework.web.servlet.ModelAndView org.springframework.boot.autoconfigure.web.servlet.error.BasicErrorController.errorHtml(javax.servlet.http.HttpServletRequest,javax.servlet.http.HttpServletResponse)
2021-07-21 17:23:14 INFO  o.s.s.web.DefaultSecurityFilterChain - Creating filter chain: OrRequestMatcher [requestMatchers=[Ant [pattern='/oauth/token'], Ant [pattern='/oauth/token_key'], Ant [pattern='/oauth/check_token']]], [org.springframework.security.web.context.request.async.WebAsyncManagerIntegrationFilter@5ed8fee3, org.springframework.security.web.context.SecurityContextPersistenceFilter@590186ba, org.springframework.security.web.header.HeaderWriterFilter@7fd0bfe8, org.springframework.security.web.authentication.logout.LogoutFilter@2e278828, org.springframework.security.web.authentication.www.BasicAuthenticationFilter@6e8f2495, org.springframework.security.web.savedrequest.RequestCacheAwareFilter@5fc4aec5, org.springframework.security.web.servletapi.SecurityContextHolderAwareRequestFilter@593ffc5f, org.springframework.security.web.authentication.AnonymousAuthenticationFilter@216c6720, org.springframework.security.web.session.SessionManagementFilter@7a0076e1, org.springframework.security.web.access.ExceptionTranslationFilter@3123891b, org.springframework.security.web.access.intercept.FilterSecurityInterceptor@b96131]
2021-07-21 17:23:14 INFO  o.s.s.web.DefaultSecurityFilterChain - Creating filter chain: org.springframework.security.oauth2.config.annotation.web.configuration.ResourceServerConfiguration$NotOAuthRequestMatcher@3598e8, [org.springframework.security.web.context.request.async.WebAsyncManagerIntegrationFilter@2734ad, org.springframework.security.web.context.SecurityContextPersistenceFilter@1f47b64b, org.springframework.security.web.header.HeaderWriterFilter@5a551786, org.springframework.security.web.authentication.logout.LogoutFilter@294ee444, org.springframework.security.oauth2.provider.authentication.OAuth2AuthenticationProcessingFilter@c83236c, org.springframework.security.web.savedrequest.RequestCacheAwareFilter@57caef8, org.springframework.security.web.servletapi.SecurityContextHolderAwareRequestFilter@77e760f6, org.springframework.security.web.session.SessionManagementFilter@29dee533, org.springframework.security.web.access.ExceptionTranslationFilter@bb23261, org.springframework.security.web.access.intercept.FilterSecurityInterceptor@72e96fd9]
2021-07-21 17:23:14 INFO  o.s.s.web.DefaultSecurityFilterChain - Creating filter chain: org.springframework.security.web.util.matcher.AnyRequestMatcher@1, [org.springframework.security.web.context.request.async.WebAsyncManagerIntegrationFilter@4afd69f4, org.springframework.security.web.context.SecurityContextPersistenceFilter@37c70c56, org.springframework.security.web.header.HeaderWriterFilter@504d9002, org.springframework.security.web.authentication.logout.LogoutFilter@2c022a5f, org.springframework.security.web.savedrequest.RequestCacheAwareFilter@68ed70a5, org.springframework.security.web.servletapi.SecurityContextHolderAwareRequestFilter@541c303a, org.springframework.security.web.session.SessionManagementFilter@4b567610, org.springframework.security.web.access.ExceptionTranslationFilter@16093f94, org.springframework.security.web.access.intercept.FilterSecurityInterceptor@2886fb5f]
2021-07-21 17:23:14 INFO  s.d.s.w.PropertySourcedRequestMappingHandlerMapping - Mapped URL path [/v2/api-docs] onto method [public org.springframework.http.ResponseEntity<springfox.documentation.spring.web.json.Json> springfox.documentation.swagger2.web.Swagger2Controller.getDocumentation(java.lang.String,javax.servlet.http.HttpServletRequest)]
2021-07-21 17:23:17 INFO  o.s.w.s.m.m.a.RequestMappingHandlerAdapter - Looking for @ControllerAdvice: org.springframework.boot.web.servlet.context.AnnotationConfigServletWebServerApplicationContext@744c12f: startup date [Wed Jul 21 17:22:34 WIB 2021]; root of context hierarchy
2021-07-21 17:23:17 INFO  o.s.w.s.h.SimpleUrlHandlerMapping - Mapped URL path [/webjars/**] onto handler of type [class org.springframework.web.servlet.resource.ResourceHttpRequestHandler]
2021-07-21 17:23:17 INFO  o.s.w.s.h.SimpleUrlHandlerMapping - Mapped URL path [/**] onto handler of type [class org.springframework.web.servlet.resource.ResourceHttpRequestHandler]
2021-07-21 17:23:17 INFO  o.s.w.s.h.SimpleUrlHandlerMapping - Mapped URL path [/**/favicon.ico] onto handler of type [class org.springframework.web.servlet.resource.ResourceHttpRequestHandler]
2021-07-21 17:23:19 INFO  o.s.b.d.a.OptionalLiveReloadServer - LiveReload server is running on port 35729
2021-07-21 17:23:20 INFO  o.s.j.e.a.AnnotationMBeanExporter - Registering beans for JMX exposure on startup
2021-07-21 17:23:20 INFO  o.s.j.e.a.AnnotationMBeanExporter - Bean with name 'dataSource' has been autodetected for JMX exposure
2021-07-21 17:23:20 INFO  o.s.j.e.a.AnnotationMBeanExporter - Located MBean 'dataSource': registering with JMX server as MBean [com.zaxxer.hikari:name=dataSource,type=HikariDataSource]
2021-07-21 17:23:20 INFO  o.s.c.s.DefaultLifecycleProcessor - Starting beans in phase 2147483647
2021-07-21 17:23:20 INFO  s.d.s.w.p.DocumentationPluginsBootstrapper - Context refreshed
2021-07-21 17:23:20 INFO  s.d.s.w.p.DocumentationPluginsBootstrapper - Found 1 custom documentation plugin(s)
2021-07-21 17:23:20 INFO  s.d.s.w.s.ApiListingReferenceScanner - Scanning for api listing references
2021-07-21 17:23:21 INFO  s.d.s.w.r.o.CachingOperationNameGenerator - Generating unique operation named: getlistUsingGET_1
2021-07-21 17:23:21 INFO  s.d.s.w.r.o.CachingOperationNameGenerator - Generating unique operation named: updateUsingPUT_1
2021-07-21 17:23:21 INFO  s.d.s.w.r.o.CachingOperationNameGenerator - Generating unique operation named: getlistUsingGET_2
2021-07-21 17:23:21 INFO  s.d.s.w.r.o.CachingOperationNameGenerator - Generating unique operation named: updateUsingPUT_2
2021-07-21 17:23:21 INFO  o.a.coyote.http11.Http11NioProtocol - Starting ProtocolHandler ["http-nio-8080"]
2021-07-21 17:23:21 INFO  o.a.tomcat.util.net.NioSelectorPool - Using a shared selector for servlet write/read
2021-07-21 17:23:21 INFO  o.s.b.w.e.tomcat.TomcatWebServer - Tomcat started on port(s): 8080 (http) with context path ''
2021-07-21 17:23:21 INFO  com.sttnf.ais.App - Started App in 49.078 seconds (JVM running for 52.117)
2021-07-21 17:23:27 INFO  o.a.c.c.C.[Tomcat].[localhost].[/] - Initializing Spring FrameworkServlet 'dispatcherServlet'
2021-07-21 17:23:27 INFO  o.s.web.servlet.DispatcherServlet - FrameworkServlet 'dispatcherServlet': initialization started
2021-07-21 17:23:27 INFO  o.s.web.servlet.DispatcherServlet - FrameworkServlet 'dispatcherServlet': initialization completed in 47 ms
2021-07-21 17:25:16 INFO  o.s.b.w.s.c.AnnotationConfigServletWebServerApplicationContext - Closing org.springframework.boot.web.servlet.context.AnnotationConfigServletWebServerApplicationContext@744c12f: startup date [Wed Jul 21 17:22:34 WIB 2021]; root of context hierarchy
2021-07-21 17:25:16 INFO  o.s.c.s.DefaultLifecycleProcessor - Stopping beans in phase 2147483647
2021-07-21 17:25:16 INFO  o.s.j.e.a.AnnotationMBeanExporter - Unregistering JMX-exposed beans on shutdown
2021-07-21 17:25:16 INFO  o.s.j.e.a.AnnotationMBeanExporter - Unregistering JMX-exposed beans
2021-07-21 17:25:16 INFO  o.s.o.j.LocalContainerEntityManagerFactoryBean - Closing JPA EntityManagerFactory for persistence unit 'default'
2021-07-21 17:25:16 INFO  com.zaxxer.hikari.HikariDataSource - HikariPool-1 - Shutdown initiated...
2021-07-21 17:25:16 INFO  com.zaxxer.hikari.HikariDataSource - HikariPool-1 - Shutdown completed.
2021-07-21 17:25:19 INFO  com.sttnf.ais.App - Starting App on MacBook-Air-3.local with PID 52551 (started by techinasia888 in /Users/techinasia888/Desktop/Tugas Akhir/SPRING/sttnf.ais_oauth2)
2021-07-21 17:25:19 INFO  com.sttnf.ais.App - No active profile set, falling back to default profiles: default
2021-07-21 17:25:19 INFO  o.s.b.w.s.c.AnnotationConfigServletWebServerApplicationContext - Refreshing org.springframework.boot.web.servlet.context.AnnotationConfigServletWebServerApplicationContext@1e437b11: startup date [Wed Jul 21 17:25:19 WIB 2021]; root of context hierarchy
2021-07-21 17:25:23 INFO  o.s.c.s.PostProcessorRegistrationDelegate$BeanPostProcessorChecker - Bean 'org.springframework.ws.config.annotation.DelegatingWsConfiguration' of type [org.springframework.ws.config.annotation.DelegatingWsConfiguration$$EnhancerBySpringCGLIB$$9108324e] is not eligible for getting processed by all BeanPostProcessors (for example: not eligible for auto-proxying)
2021-07-21 17:25:23 INFO  o.s.w.s.a.s.AnnotationActionEndpointMapping - Supporting [WS-Addressing August 2004, WS-Addressing 1.0]
2021-07-21 17:25:23 INFO  o.s.c.s.PostProcessorRegistrationDelegate$BeanPostProcessorChecker - Bean 'org.springframework.transaction.annotation.ProxyTransactionManagementConfiguration' of type [org.springframework.transaction.annotation.ProxyTransactionManagementConfiguration$$EnhancerBySpringCGLIB$$ec706d4f] is not eligible for getting processed by all BeanPostProcessors (for example: not eligible for auto-proxying)
2021-07-21 17:25:23 INFO  o.s.c.s.PostProcessorRegistrationDelegate$BeanPostProcessorChecker - Bean 'org.springframework.security.config.annotation.configuration.ObjectPostProcessorConfiguration' of type [org.springframework.security.config.annotation.configuration.ObjectPostProcessorConfiguration$$EnhancerBySpringCGLIB$$851e3589] is not eligible for getting processed by all BeanPostProcessors (for example: not eligible for auto-proxying)
2021-07-21 17:25:23 INFO  o.s.c.s.PostProcessorRegistrationDelegate$BeanPostProcessorChecker - Bean 'objectPostProcessor' of type [org.springframework.security.config.annotation.configuration.AutowireBeanFactoryObjectPostProcessor] is not eligible for getting processed by all BeanPostProcessors (for example: not eligible for auto-proxying)
2021-07-21 17:25:23 INFO  o.s.c.s.PostProcessorRegistrationDelegate$BeanPostProcessorChecker - Bean 'org.springframework.security.access.expression.method.DefaultMethodSecurityExpressionHandler@9d5c7d3' of type [org.springframework.security.access.expression.method.DefaultMethodSecurityExpressionHandler] is not eligible for getting processed by all BeanPostProcessors (for example: not eligible for auto-proxying)
2021-07-21 17:25:23 INFO  o.s.c.s.PostProcessorRegistrationDelegate$BeanPostProcessorChecker - Bean 'org.springframework.security.config.annotation.method.configuration.GlobalMethodSecurityConfiguration' of type [org.springframework.security.config.annotation.method.configuration.GlobalMethodSecurityConfiguration$$EnhancerBySpringCGLIB$$a9f2d83b] is not eligible for getting processed by all BeanPostProcessors (for example: not eligible for auto-proxying)
2021-07-21 17:25:23 INFO  o.s.c.s.PostProcessorRegistrationDelegate$BeanPostProcessorChecker - Bean 'methodSecurityMetadataSource' of type [org.springframework.security.access.method.DelegatingMethodSecurityMetadataSource] is not eligible for getting processed by all BeanPostProcessors (for example: not eligible for auto-proxying)
2021-07-21 17:25:23 INFO  o.s.b.w.e.tomcat.TomcatWebServer - Tomcat initialized with port(s): 8080 (http)
2021-07-21 17:25:23 INFO  o.a.coyote.http11.Http11NioProtocol - Initializing ProtocolHandler ["http-nio-8080"]
2021-07-21 17:25:23 INFO  o.a.catalina.core.StandardService - Starting service [Tomcat]
2021-07-21 17:25:23 INFO  o.a.catalina.core.StandardEngine - Starting Servlet Engine: Apache Tomcat/8.5.28
2021-07-21 17:25:23 INFO  o.a.c.c.C.[Tomcat].[localhost].[/] - Initializing Spring embedded WebApplicationContext
2021-07-21 17:25:23 INFO  o.s.web.context.ContextLoader - Root WebApplicationContext: initialization completed in 4530 ms
2021-07-21 17:25:24 INFO  o.s.b.w.s.FilterRegistrationBean - Mapping filter: 'characterEncodingFilter' to: [/*]
2021-07-21 17:25:24 INFO  o.s.b.w.s.FilterRegistrationBean - Mapping filter: 'hiddenHttpMethodFilter' to: [/*]
2021-07-21 17:25:24 INFO  o.s.b.w.s.FilterRegistrationBean - Mapping filter: 'httpPutFormContentFilter' to: [/*]
2021-07-21 17:25:24 INFO  o.s.b.w.s.FilterRegistrationBean - Mapping filter: 'requestContextFilter' to: [/*]
2021-07-21 17:25:24 INFO  o.s.b.w.s.DelegatingFilterProxyRegistrationBean - Mapping filter: 'springSecurityFilterChain' to: [/*]
2021-07-21 17:25:24 INFO  o.s.b.w.s.ServletRegistrationBean - Servlet dispatcherServlet mapped to [/]
2021-07-21 17:25:24 INFO  o.s.b.w.s.ServletRegistrationBean - Servlet messageDispatcherServlet mapped to [/services/*]
2021-07-21 17:25:24 INFO  com.zaxxer.hikari.HikariDataSource - HikariPool-2 - Starting...
2021-07-21 17:25:28 INFO  com.zaxxer.hikari.HikariDataSource - HikariPool-2 - Start completed.
2021-07-21 17:25:28 INFO  o.s.o.j.LocalContainerEntityManagerFactoryBean - Building JPA container EntityManagerFactory for persistence unit 'default'
2021-07-21 17:25:28 INFO  o.h.jpa.internal.util.LogHelper - HHH000204: Processing PersistenceUnitInfo [
	name: default
	...]
2021-07-21 17:25:28 INFO  org.hibernate.dialect.Dialect - HHH000400: Using dialect: org.hibernate.dialect.PostgreSQL95Dialect
2021-07-21 17:25:29 INFO  o.h.e.j.e.i.LobCreatorBuilderImpl - HHH000424: Disabling contextual LOB creation as createClob() method threw error : java.lang.reflect.InvocationTargetException
java.lang.reflect.InvocationTargetException: null
	at sun.reflect.NativeMethodAccessorImpl.invoke0(Native Method)
	at sun.reflect.NativeMethodAccessorImpl.invoke(NativeMethodAccessorImpl.java:62)
	at sun.reflect.DelegatingMethodAccessorImpl.invoke(DelegatingMethodAccessorImpl.java:43)
	at java.lang.reflect.Method.invoke(Method.java:498)
	at org.hibernate.engine.jdbc.env.internal.LobCreatorBuilderImpl.useContextualLobCreation(LobCreatorBuilderImpl.java:113)
	at org.hibernate.engine.jdbc.env.internal.LobCreatorBuilderImpl.makeLobCreatorBuilder(LobCreatorBuilderImpl.java:54)
	at org.hibernate.engine.jdbc.env.internal.JdbcEnvironmentImpl.<init>(JdbcEnvironmentImpl.java:271)
	at org.hibernate.engine.jdbc.env.internal.JdbcEnvironmentInitiator.initiateService(JdbcEnvironmentInitiator.java:114)
	at org.hibernate.engine.jdbc.env.internal.JdbcEnvironmentInitiator.initiateService(JdbcEnvironmentInitiator.java:35)
	at org.hibernate.boot.registry.internal.StandardServiceRegistryImpl.initiateService(StandardServiceRegistryImpl.java:88)
	at org.hibernate.service.internal.AbstractServiceRegistryImpl.createService(AbstractServiceRegistryImpl.java:259)
	at org.hibernate.service.internal.AbstractServiceRegistryImpl.initializeService(AbstractServiceRegistryImpl.java:233)
	at org.hibernate.service.internal.AbstractServiceRegistryImpl.getService(AbstractServiceRegistryImpl.java:210)
	at org.hibernate.engine.jdbc.internal.JdbcServicesImpl.configure(JdbcServicesImpl.java:51)
	at org.hibernate.boot.registry.internal.StandardServiceRegistryImpl.configureService(StandardServiceRegistryImpl.java:94)
	at org.hibernate.service.internal.AbstractServiceRegistryImpl.initializeService(AbstractServiceRegistryImpl.java:242)
	at org.hibernate.service.internal.AbstractServiceRegistryImpl.getService(AbstractServiceRegistryImpl.java:210)
	at org.hibernate.boot.model.process.spi.MetadataBuildingProcess.handleTypes(MetadataBuildingProcess.java:352)
	at org.hibernate.boot.model.process.spi.MetadataBuildingProcess.complete(MetadataBuildingProcess.java:111)
	at org.hibernate.jpa.boot.internal.EntityManagerFactoryBuilderImpl.metadata(EntityManagerFactoryBuilderImpl.java:861)
	at org.hibernate.jpa.boot.internal.EntityManagerFactoryBuilderImpl.build(EntityManagerFactoryBuilderImpl.java:888)
	at org.springframework.orm.jpa.vendor.SpringHibernateJpaPersistenceProvider.createContainerEntityManagerFactory(SpringHibernateJpaPersistenceProvider.java:57)
	at org.springframework.orm.jpa.LocalContainerEntityManagerFactoryBean.createNativeEntityManagerFactory(LocalContainerEntityManagerFactoryBean.java:365)
	at org.springframework.orm.jpa.AbstractEntityManagerFactoryBean.buildNativeEntityManagerFactory(AbstractEntityManagerFactoryBean.java:388)
	at org.springframework.orm.jpa.AbstractEntityManagerFactoryBean.afterPropertiesSet(AbstractEntityManagerFactoryBean.java:377)
	at org.springframework.orm.jpa.LocalContainerEntityManagerFactoryBean.afterPropertiesSet(LocalContainerEntityManagerFactoryBean.java:341)
	at org.springframework.beans.factory.support.AbstractAutowireCapableBeanFactory.invokeInitMethods(AbstractAutowireCapableBeanFactory.java:1769)
	at org.springframework.beans.factory.support.AbstractAutowireCapableBeanFactory.initializeBean(AbstractAutowireCapableBeanFactory.java:1706)
	at org.springframework.beans.factory.support.AbstractAutowireCapableBeanFactory.doCreateBean(AbstractAutowireCapableBeanFactory.java:583)
	at org.springframework.beans.factory.support.AbstractAutowireCapableBeanFactory.createBean(AbstractAutowireCapableBeanFactory.java:502)
	at org.springframework.beans.factory.support.AbstractBeanFactory.lambda$doGetBean$0(AbstractBeanFactory.java:312)
	at org.springframework.beans.factory.support.DefaultSingletonBeanRegistry.getSingleton(DefaultSingletonBeanRegistry.java:228)
	at org.springframework.beans.factory.support.AbstractBeanFactory.doGetBean(AbstractBeanFactory.java:310)
	at org.springframework.beans.factory.support.AbstractBeanFactory.getBean(AbstractBeanFactory.java:200)
	at org.springframework.context.support.AbstractApplicationContext.getBean(AbstractApplicationContext.java:1085)
	at org.springframework.context.support.AbstractApplicationContext.finishBeanFactoryInitialization(AbstractApplicationContext.java:858)
	at org.springframework.context.support.AbstractApplicationContext.refresh(AbstractApplicationContext.java:549)
	at org.springframework.boot.web.servlet.context.ServletWebServerApplicationContext.refresh(ServletWebServerApplicationContext.java:140)
	at org.springframework.boot.SpringApplication.refresh(SpringApplication.java:752)
	at org.springframework.boot.SpringApplication.refreshContext(SpringApplication.java:388)
	at org.springframework.boot.SpringApplication.run(SpringApplication.java:327)
	at org.springframework.boot.SpringApplication.run(SpringApplication.java:1246)
	at org.springframework.boot.SpringApplication.run(SpringApplication.java:1234)
	at com.sttnf.ais.App.main(App.java:19)
	at sun.reflect.NativeMethodAccessorImpl.invoke0(Native Method)
	at sun.reflect.NativeMethodAccessorImpl.invoke(NativeMethodAccessorImpl.java:62)
	at sun.reflect.DelegatingMethodAccessorImpl.invoke(DelegatingMethodAccessorImpl.java:43)
	at java.lang.reflect.Method.invoke(Method.java:498)
	at org.springframework.boot.devtools.restart.RestartLauncher.run(RestartLauncher.java:49)
Caused by: java.sql.SQLFeatureNotSupportedException: Method org.postgresql.jdbc.PgConnection.createClob() is not yet implemented.
	at org.postgresql.Driver.notImplemented(Driver.java:683)
	at org.postgresql.jdbc.PgConnection.createClob(PgConnection.java:1252)
	... 49 common frames omitted
2021-07-21 17:25:29 INFO  org.hibernate.type.BasicTypeRegistry - HHH000270: Type registration [java.util.UUID] overrides previous : org.hibernate.type.UUIDBinaryType@1d4a08fa
2021-07-21 17:25:29 INFO  o.s.o.j.LocalContainerEntityManagerFactoryBean - Initialized JPA EntityManagerFactory for persistence unit 'default'
2021-07-21 17:25:31 INFO  o.h.h.i.QueryTranslatorFactoryInitiator - HHH000397: Using ASTQueryTranslatorFactory
2021-07-21 17:25:31 WARN  o.s.s.o.p.t.s.JwtAccessTokenConverter - Unable to create an RSA verifier from verifierKey (ignoreable if using MAC)
2021-07-21 17:25:31 INFO  o.s.s.o.p.e.FrameworkEndpointHandlerMapping - Mapped "{[/oauth/authorize]}" onto public org.springframework.web.servlet.ModelAndView org.springframework.security.oauth2.provider.endpoint.AuthorizationEndpoint.authorize(java.util.Map<java.lang.String, java.lang.Object>,java.util.Map<java.lang.String, java.lang.String>,org.springframework.web.bind.support.SessionStatus,java.security.Principal)
2021-07-21 17:25:31 INFO  o.s.s.o.p.e.FrameworkEndpointHandlerMapping - Mapped "{[/oauth/authorize],methods=[POST],params=[user_oauth_approval]}" onto public org.springframework.web.servlet.View org.springframework.security.oauth2.provider.endpoint.AuthorizationEndpoint.approveOrDeny(java.util.Map<java.lang.String, java.lang.String>,java.util.Map<java.lang.String, ?>,org.springframework.web.bind.support.SessionStatus,java.security.Principal)
2021-07-21 17:25:31 INFO  o.s.s.o.p.e.FrameworkEndpointHandlerMapping - Mapped "{[/oauth/token],methods=[GET]}" onto public org.springframework.http.ResponseEntity<org.springframework.security.oauth2.common.OAuth2AccessToken> org.springframework.security.oauth2.provider.endpoint.TokenEndpoint.getAccessToken(java.security.Principal,java.util.Map<java.lang.String, java.lang.String>) throws org.springframework.web.HttpRequestMethodNotSupportedException
2021-07-21 17:25:31 INFO  o.s.s.o.p.e.FrameworkEndpointHandlerMapping - Mapped "{[/oauth/token],methods=[POST]}" onto public org.springframework.http.ResponseEntity<org.springframework.security.oauth2.common.OAuth2AccessToken> org.springframework.security.oauth2.provider.endpoint.TokenEndpoint.postAccessToken(java.security.Principal,java.util.Map<java.lang.String, java.lang.String>) throws org.springframework.web.HttpRequestMethodNotSupportedException
2021-07-21 17:25:31 INFO  o.s.s.o.p.e.FrameworkEndpointHandlerMapping - Mapped "{[/oauth/check_token]}" onto public java.util.Map<java.lang.String, ?> org.springframework.security.oauth2.provider.endpoint.CheckTokenEndpoint.checkToken(java.lang.String)
2021-07-21 17:25:31 INFO  o.s.s.o.p.e.FrameworkEndpointHandlerMapping - Mapped "{[/oauth/confirm_access]}" onto public org.springframework.web.servlet.ModelAndView org.springframework.security.oauth2.provider.endpoint.WhitelabelApprovalEndpoint.getAccessConfirmation(java.util.Map<java.lang.String, java.lang.Object>,javax.servlet.http.HttpServletRequest) throws java.lang.Exception
2021-07-21 17:25:31 INFO  o.s.s.o.p.e.FrameworkEndpointHandlerMapping - Mapped "{[/oauth/error]}" onto public org.springframework.web.servlet.ModelAndView org.springframework.security.oauth2.provider.endpoint.WhitelabelErrorEndpoint.handleError(javax.servlet.http.HttpServletRequest)
2021-07-21 17:25:31 INFO  o.s.s.o.p.e.FrameworkEndpointHandlerMapping - Mapped "{[/oauth/token_key],methods=[GET]}" onto public java.util.Map<java.lang.String, java.lang.String> org.springframework.security.oauth2.provider.endpoint.TokenKeyEndpoint.getKey(java.security.Principal)
2021-07-21 17:25:31 WARN  o.s.b.a.o.j.JpaBaseConfiguration$JpaWebConfiguration$JpaWebMvcConfiguration - spring.jpa.open-in-view is enabled by default. Therefore, database queries may be performed during view rendering. Explicitly configure spring.jpa.open-in-view to disable this warning
2021-07-21 17:25:31 INFO  o.s.w.s.m.m.a.RequestMappingHandlerMapping - Mapped "{[/Khs/put],methods=[PUT]}" onto public com.sttnf.ais.model.Khs com.sttnf.ais.controller.ControllerKhs.update(com.sttnf.ais.model.Khs) throws java.lang.Exception
2021-07-21 17:25:31 INFO  o.s.w.s.m.m.a.RequestMappingHandlerMapping - Mapped "{[/Khs/ips],methods=[GET]}" onto public java.lang.String com.sttnf.ais.controller.ControllerKhs.ips(java.lang.String,int) throws java.lang.Exception
2021-07-21 17:25:31 INFO  o.s.w.s.m.m.a.RequestMappingHandlerMapping - Mapped "{[/Khs/post],methods=[POST]}" onto public com.sttnf.ais.model.Khs com.sttnf.ais.controller.ControllerKhs.postKhs(com.sttnf.ais.model.Khs) throws java.lang.Exception
2021-07-21 17:25:31 INFO  o.s.w.s.m.m.a.RequestMappingHandlerMapping - Mapped "{[/Khs/delete],methods=[DELETE]}" onto public java.lang.String com.sttnf.ais.controller.ControllerKhs.Khs(java.lang.String,java.lang.String) throws java.lang.Exception
2021-07-21 17:25:31 INFO  o.s.w.s.m.m.a.RequestMappingHandlerMapping - Mapped "{[/Khs/get],methods=[GET]}" onto public java.lang.String com.sttnf.ais.controller.ControllerKhs.viewKhs(java.lang.String)
2021-07-21 17:25:31 INFO  o.s.w.s.m.m.a.RequestMappingHandlerMapping - Mapped "{[/Khs/getall],methods=[GET]}" onto public java.util.List<com.sttnf.ais.model.Khs> com.sttnf.ais.controller.ControllerKhs.getlist() throws java.lang.Exception
2021-07-21 17:25:31 INFO  o.s.w.s.m.m.a.RequestMappingHandlerMapping - Mapped "{[/Khs/find],methods=[GET]}" onto public java.util.List<com.sttnf.ais.model.Khs> com.sttnf.ais.controller.ControllerKhs.findDetailKhs(java.lang.String,int) throws java.lang.Exception
2021-07-21 17:25:31 INFO  o.s.w.s.m.m.a.RequestMappingHandlerMapping - Mapped "{[/Khs/khsdetail],methods=[GET]}" onto public java.util.List com.sttnf.ais.controller.ControllerKhs.khs_detail(java.lang.String,int) throws java.lang.Exception
2021-07-21 17:25:31 INFO  o.s.w.s.m.m.a.RequestMappingHandlerMapping - Mapped "{[/Khs/totalsks],methods=[GET]}" onto public java.lang.String com.sttnf.ais.controller.ControllerKhs.total_Sks(java.lang.String,int) throws java.lang.Exception
2021-07-21 17:25:31 INFO  o.s.w.s.m.m.a.RequestMappingHandlerMapping - Mapped "{[/Khs/totalsksall],methods=[GET]}" onto public java.lang.String com.sttnf.ais.controller.ControllerKhs.total_Sksall(java.lang.String) throws java.lang.Exception
2021-07-21 17:25:31 INFO  o.s.w.s.m.m.a.RequestMappingHandlerMapping - Mapped "{[/Khs/bobotxsks],methods=[GET]}" onto public java.lang.String com.sttnf.ais.controller.ControllerKhs.bobotXsks(java.lang.String,int) throws java.lang.Exception
2021-07-21 17:25:31 INFO  o.s.w.s.m.m.a.RequestMappingHandlerMapping - Mapped "{[/Mahasiswa/put],methods=[PUT]}" onto public com.sttnf.ais.model.Mahasiswa com.sttnf.ais.controller.ControllerMahasiswa.update(com.sttnf.ais.model.Mahasiswa) throws java.lang.Exception
2021-07-21 17:25:31 INFO  o.s.w.s.m.m.a.RequestMappingHandlerMapping - Mapped "{[/Mahasiswa/getall],methods=[GET]}" onto public java.util.List<com.sttnf.ais.model.Mahasiswa> com.sttnf.ais.controller.ControllerMahasiswa.getlist() throws java.lang.Exception
2021-07-21 17:25:31 INFO  o.s.w.s.m.m.a.RequestMappingHandlerMapping - Mapped "{[/Mahasiswa/get],methods=[GET]}" onto public java.util.List com.sttnf.ais.controller.ControllerMahasiswa.viewMahasiswa(java.lang.String) throws java.lang.Exception
2021-07-21 17:25:31 INFO  o.s.w.s.m.m.a.RequestMappingHandlerMapping - Mapped "{[/Mahasiswa/post],methods=[POST]}" onto public com.sttnf.ais.model.Mahasiswa com.sttnf.ais.controller.ControllerMahasiswa.postMahasiswa(com.sttnf.ais.model.Mahasiswa) throws java.lang.Exception
2021-07-21 17:25:31 INFO  o.s.w.s.m.m.a.RequestMappingHandlerMapping - Mapped "{[/Mahasiswa/delete],methods=[DELETE]}" onto public java.lang.String com.sttnf.ais.controller.ControllerMahasiswa.Mahasiswa(java.lang.String,com.sttnf.ais.model.Mahasiswa) throws java.lang.Exception
2021-07-21 17:25:31 INFO  o.s.w.s.m.m.a.RequestMappingHandlerMapping - Mapped "{[/Matakuliah/put],methods=[PUT]}" onto public com.sttnf.ais.model.Matakuliah com.sttnf.ais.controller.ControllerMatakuliah.update(com.sttnf.ais.model.Matakuliah) throws java.lang.Exception
2021-07-21 17:25:31 INFO  o.s.w.s.m.m.a.RequestMappingHandlerMapping - Mapped "{[/Matakuliah/getall],methods=[GET]}" onto public java.util.List<com.sttnf.ais.model.Matakuliah> com.sttnf.ais.controller.ControllerMatakuliah.getlist() throws java.lang.Exception
2021-07-21 17:25:31 INFO  o.s.w.s.m.m.a.RequestMappingHandlerMapping - Mapped "{[/Matakuliah/get],methods=[GET]}" onto public java.util.List<com.sttnf.ais.model.Matakuliah> com.sttnf.ais.controller.ControllerMatakuliah.viewMatakuliah(java.lang.String) throws java.lang.Exception
2021-07-21 17:25:31 INFO  o.s.w.s.m.m.a.RequestMappingHandlerMapping - Mapped "{[/Matakuliah/post],methods=[POST]}" onto public com.sttnf.ais.model.Matakuliah com.sttnf.ais.controller.ControllerMatakuliah.postMatakuliah(com.sttnf.ais.model.Matakuliah) throws java.lang.Exception
2021-07-21 17:25:31 INFO  o.s.w.s.m.m.a.RequestMappingHandlerMapping - Mapped "{[/Matakuliah/delete],methods=[DELETE]}" onto public java.lang.String com.sttnf.ais.controller.ControllerMatakuliah.Matakuliah(java.lang.String,com.sttnf.ais.model.Matakuliah) throws java.lang.Exception
2021-07-21 17:25:31 INFO  o.s.w.s.m.m.a.RequestMappingHandlerMapping - Mapped "{[/users/{id}],methods=[DELETE]}" onto public void com.sttnf.ais.controller.UserController.delete(java.lang.Long)
2021-07-21 17:25:31 INFO  o.s.w.s.m.m.a.RequestMappingHandlerMapping - Mapped "{[/users],methods=[POST]}" onto public com.sttnf.ais.dto.ApiResponse com.sttnf.ais.controller.UserController.create(com.sttnf.ais.dto.UserDto)
2021-07-21 17:25:31 INFO  o.s.w.s.m.m.a.RequestMappingHandlerMapping - Mapped "{[/users],methods=[GET]}" onto public com.sttnf.ais.dto.ApiResponse com.sttnf.ais.controller.UserController.listUser()
2021-07-21 17:25:31 INFO  o.s.w.s.m.m.a.RequestMappingHandlerMapping - Mapped "{[/users/{id}],methods=[GET]}" onto public com.sttnf.ais.dto.ApiResponse com.sttnf.ais.controller.UserController.getUser(long)
2021-07-21 17:25:31 INFO  o.s.w.s.m.m.a.RequestMappingHandlerMapping - Mapped "{[/swagger-resources/configuration/security]}" onto public org.springframework.http.ResponseEntity<springfox.documentation.swagger.web.SecurityConfiguration> springfox.documentation.swagger.web.ApiResourceController.securityConfiguration()
2021-07-21 17:25:32 INFO  o.s.w.s.m.m.a.RequestMappingHandlerMapping - Mapped "{[/swagger-resources/configuration/ui]}" onto public org.springframework.http.ResponseEntity<springfox.documentation.swagger.web.UiConfiguration> springfox.documentation.swagger.web.ApiResourceController.uiConfiguration()
2021-07-21 17:25:32 INFO  o.s.w.s.m.m.a.RequestMappingHandlerMapping - Mapped "{[/swagger-resources]}" onto public org.springframework.http.ResponseEntity<java.util.List<springfox.documentation.swagger.web.SwaggerResource>> springfox.documentation.swagger.web.ApiResourceController.swaggerResources()
2021-07-21 17:25:32 INFO  o.s.w.s.m.m.a.RequestMappingHandlerMapping - Mapped "{[/error]}" onto public org.springframework.http.ResponseEntity<java.util.Map<java.lang.String, java.lang.Object>> org.springframework.boot.autoconfigure.web.servlet.error.BasicErrorController.error(javax.servlet.http.HttpServletRequest)
2021-07-21 17:25:32 INFO  o.s.w.s.m.m.a.RequestMappingHandlerMapping - Mapped "{[/error],produces=[text/html]}" onto public org.springframework.web.servlet.ModelAndView org.springframework.boot.autoconfigure.web.servlet.error.BasicErrorController.errorHtml(javax.servlet.http.HttpServletRequest,javax.servlet.http.HttpServletResponse)
2021-07-21 17:25:33 INFO  o.s.s.web.DefaultSecurityFilterChain - Creating filter chain: OrRequestMatcher [requestMatchers=[Ant [pattern='/oauth/token'], Ant [pattern='/oauth/token_key'], Ant [pattern='/oauth/check_token']]], [org.springframework.security.web.context.request.async.WebAsyncManagerIntegrationFilter@1d8870aa, org.springframework.security.web.context.SecurityContextPersistenceFilter@2f92fbe2, org.springframework.security.web.header.HeaderWriterFilter@63690306, org.springframework.security.web.authentication.logout.LogoutFilter@1d6ff35e, org.springframework.security.web.authentication.www.BasicAuthenticationFilter@377b56d1, org.springframework.security.web.savedrequest.RequestCacheAwareFilter@6dee6b9b, org.springframework.security.web.servletapi.SecurityContextHolderAwareRequestFilter@46b42413, org.springframework.security.web.authentication.AnonymousAuthenticationFilter@11e260b5, org.springframework.security.web.session.SessionManagementFilter@287e7fc4, org.springframework.security.web.access.ExceptionTranslationFilter@5f63bbb0, org.springframework.security.web.access.intercept.FilterSecurityInterceptor@40ac5250]
2021-07-21 17:25:33 INFO  o.s.s.web.DefaultSecurityFilterChain - Creating filter chain: org.springframework.security.oauth2.config.annotation.web.configuration.ResourceServerConfiguration$NotOAuthRequestMatcher@6ab969e9, [org.springframework.security.web.context.request.async.WebAsyncManagerIntegrationFilter@1c4119a5, org.springframework.security.web.context.SecurityContextPersistenceFilter@44bbd8c8, org.springframework.security.web.header.HeaderWriterFilter@6f0e84da, org.springframework.security.web.authentication.logout.LogoutFilter@2a8a5217, org.springframework.security.oauth2.provider.authentication.OAuth2AuthenticationProcessingFilter@10abcfcd, org.springframework.security.web.savedrequest.RequestCacheAwareFilter@b835d63, org.springframework.security.web.servletapi.SecurityContextHolderAwareRequestFilter@1030309d, org.springframework.security.web.session.SessionManagementFilter@20700ec, org.springframework.security.web.access.ExceptionTranslationFilter@45a15ad6, org.springframework.security.web.access.intercept.FilterSecurityInterceptor@3b7ea7fa]
2021-07-21 17:25:33 INFO  o.s.s.web.DefaultSecurityFilterChain - Creating filter chain: org.springframework.security.web.util.matcher.AnyRequestMatcher@1, [org.springframework.security.web.context.request.async.WebAsyncManagerIntegrationFilter@708402d2, org.springframework.security.web.context.SecurityContextPersistenceFilter@b2dc94d, org.springframework.security.web.header.HeaderWriterFilter@3ce64da5, org.springframework.security.web.authentication.logout.LogoutFilter@47016571, org.springframework.security.web.savedrequest.RequestCacheAwareFilter@54a50a83, org.springframework.security.web.servletapi.SecurityContextHolderAwareRequestFilter@5aa0eed7, org.springframework.security.web.session.SessionManagementFilter@4b5adcde, org.springframework.security.web.access.ExceptionTranslationFilter@28fef52e, org.springframework.security.web.access.intercept.FilterSecurityInterceptor@4fe30000]
2021-07-21 17:25:33 INFO  s.d.s.w.PropertySourcedRequestMappingHandlerMapping - Mapped URL path [/v2/api-docs] onto method [public org.springframework.http.ResponseEntity<springfox.documentation.spring.web.json.Json> springfox.documentation.swagger2.web.Swagger2Controller.getDocumentation(java.lang.String,javax.servlet.http.HttpServletRequest)]
2021-07-21 17:25:33 INFO  o.s.w.s.m.m.a.RequestMappingHandlerAdapter - Looking for @ControllerAdvice: org.springframework.boot.web.servlet.context.AnnotationConfigServletWebServerApplicationContext@1e437b11: startup date [Wed Jul 21 17:25:19 WIB 2021]; root of context hierarchy
2021-07-21 17:25:33 INFO  o.s.w.s.h.SimpleUrlHandlerMapping - Mapped URL path [/webjars/**] onto handler of type [class org.springframework.web.servlet.resource.ResourceHttpRequestHandler]
2021-07-21 17:25:33 INFO  o.s.w.s.h.SimpleUrlHandlerMapping - Mapped URL path [/**] onto handler of type [class org.springframework.web.servlet.resource.ResourceHttpRequestHandler]
2021-07-21 17:25:33 INFO  o.s.w.s.h.SimpleUrlHandlerMapping - Mapped URL path [/**/favicon.ico] onto handler of type [class org.springframework.web.servlet.resource.ResourceHttpRequestHandler]
2021-07-21 17:25:34 INFO  o.s.b.d.a.OptionalLiveReloadServer - LiveReload server is running on port 35729
2021-07-21 17:25:34 INFO  o.s.j.e.a.AnnotationMBeanExporter - Registering beans for JMX exposure on startup
2021-07-21 17:25:34 INFO  o.s.j.e.a.AnnotationMBeanExporter - Bean with name 'dataSource' has been autodetected for JMX exposure
2021-07-21 17:25:34 INFO  o.s.j.e.a.AnnotationMBeanExporter - Located MBean 'dataSource': registering with JMX server as MBean [com.zaxxer.hikari:name=dataSource,type=HikariDataSource]
2021-07-21 17:25:34 INFO  o.s.c.s.DefaultLifecycleProcessor - Starting beans in phase 2147483647
2021-07-21 17:25:34 INFO  s.d.s.w.p.DocumentationPluginsBootstrapper - Context refreshed
2021-07-21 17:25:34 INFO  s.d.s.w.p.DocumentationPluginsBootstrapper - Found 1 custom documentation plugin(s)
2021-07-21 17:25:34 INFO  s.d.s.w.s.ApiListingReferenceScanner - Scanning for api listing references
2021-07-21 17:25:35 INFO  s.d.s.w.r.o.CachingOperationNameGenerator - Generating unique operation named: getlistUsingGET_1
2021-07-21 17:25:35 INFO  s.d.s.w.r.o.CachingOperationNameGenerator - Generating unique operation named: updateUsingPUT_1
2021-07-21 17:25:35 INFO  s.d.s.w.r.o.CachingOperationNameGenerator - Generating unique operation named: getlistUsingGET_2
2021-07-21 17:25:35 INFO  s.d.s.w.r.o.CachingOperationNameGenerator - Generating unique operation named: updateUsingPUT_2
2021-07-21 17:25:35 INFO  o.a.coyote.http11.Http11NioProtocol - Starting ProtocolHandler ["http-nio-8080"]
2021-07-21 17:25:35 INFO  o.a.tomcat.util.net.NioSelectorPool - Using a shared selector for servlet write/read
2021-07-21 17:25:35 INFO  o.s.b.w.e.tomcat.TomcatWebServer - Tomcat started on port(s): 8080 (http) with context path ''
2021-07-21 17:25:35 INFO  com.sttnf.ais.App - Started App in 16.748 seconds (JVM running for 185.788)
2021-07-21 17:25:35 INFO  o.s.b.d.a.ConditionEvaluationDeltaLoggingListener - Condition evaluation unchanged
2021-07-21 17:25:41 INFO  o.s.b.w.s.c.AnnotationConfigServletWebServerApplicationContext - Closing org.springframework.boot.web.servlet.context.AnnotationConfigServletWebServerApplicationContext@1e437b11: startup date [Wed Jul 21 17:25:19 WIB 2021]; root of context hierarchy
2021-07-21 17:25:41 INFO  o.s.c.s.DefaultLifecycleProcessor - Stopping beans in phase 2147483647
2021-07-21 17:25:41 INFO  o.s.j.e.a.AnnotationMBeanExporter - Unregistering JMX-exposed beans on shutdown
2021-07-21 17:25:41 INFO  o.s.j.e.a.AnnotationMBeanExporter - Unregistering JMX-exposed beans
2021-07-21 17:25:41 INFO  o.s.o.j.LocalContainerEntityManagerFactoryBean - Closing JPA EntityManagerFactory for persistence unit 'default'
2021-07-21 17:25:41 INFO  com.zaxxer.hikari.HikariDataSource - HikariPool-2 - Shutdown initiated...
2021-07-21 17:25:41 INFO  com.zaxxer.hikari.HikariDataSource - HikariPool-2 - Shutdown completed.
